[0.445s] Invoking command in '/home/shcho/ros2_ws3/src/my_robot_pkg': PYTHONPATH=/home/shcho/ros2_ws3/build/my_robot_pkg/prefix_override:/usr/lib/python3/dist-packages/colcon_core/task/python/colcon_distutils_commands:/home/shcho/ros2_ws3/install/my_robot_pkg/lib/python3.10/site-packages:${PYTHONPATH} /usr/bin/python3 -W ignore:setup.py install is deprecated -W ignore:easy_install command is deprecated setup.py egg_info --egg-base ../../build/my_robot_pkg build --build-base /home/shcho/ros2_ws3/build/my_robot_pkg/build install --record /home/shcho/ros2_ws3/build/my_robot_pkg/install.log --single-version-externally-managed install_data
[0.616s] running egg_info
[0.616s] creating ../../build/my_robot_pkg/my_robot_pkg.egg-info
[0.616s] writing ../../build/my_robot_pkg/my_robot_pkg.egg-info/PKG-INFO
[0.616s] writing dependency_links to ../../build/my_robot_pkg/my_robot_pkg.egg-info/dependency_links.txt
[0.616s] writing entry points to ../../build/my_robot_pkg/my_robot_pkg.egg-info/entry_points.txt
[0.616s] writing requirements to ../../build/my_robot_pkg/my_robot_pkg.egg-info/requires.txt
[0.616s] writing top-level names to ../../build/my_robot_pkg/my_robot_pkg.egg-info/top_level.txt
[0.616s] writing manifest file '../../build/my_robot_pkg/my_robot_pkg.egg-info/SOURCES.txt'
[0.616s] reading manifest file '../../build/my_robot_pkg/my_robot_pkg.egg-info/SOURCES.txt'
[0.616s] writing manifest file '../../build/my_robot_pkg/my_robot_pkg.egg-info/SOURCES.txt'
[0.616s] running build
[0.616s] running build_py
[0.616s] creating /home/shcho/ros2_ws3/build/my_robot_pkg/build
[0.616s] creating /home/shcho/ros2_ws3/build/my_robot_pkg/build/lib
[0.616s] creating /home/shcho/ros2_ws3/build/my_robot_pkg/build/lib/my_robot_pkg
[0.616s] copying my_robot_pkg/__init__.py -> /home/shcho/ros2_ws3/build/my_robot_pkg/build/lib/my_robot_pkg
[0.616s] running install
[0.616s] running install_lib
[0.617s] creating /home/shcho/ros2_ws3/install/my_robot_pkg/lib/python3.10/site-packages/my_robot_pkg
[0.617s] copying /home/shcho/ros2_ws3/build/my_robot_pkg/build/lib/my_robot_pkg/__init__.py -> /home/shcho/ros2_ws3/install/my_robot_pkg/lib/python3.10/site-packages/my_robot_pkg
[0.618s] byte-compiling /home/shcho/ros2_ws3/install/my_robot_pkg/lib/python3.10/site-packages/my_robot_pkg/__init__.py to __init__.cpython-310.pyc
[0.619s] running install_data
[0.619s] creating /home/shcho/ros2_ws3/install/my_robot_pkg/share/ament_index
[0.619s] creating /home/shcho/ros2_ws3/install/my_robot_pkg/share/ament_index/resource_index
[0.619s] creating /home/shcho/ros2_ws3/install/my_robot_pkg/share/ament_index/resource_index/packages
[0.619s] copying resource/my_robot_pkg -> /home/shcho/ros2_ws3/install/my_robot_pkg/share/ament_index/resource_index/packages
[0.619s] copying package.xml -> /home/shcho/ros2_ws3/install/my_robot_pkg/share/my_robot_pkg
[0.619s] running install_egg_info
[0.621s] Copying ../../build/my_robot_pkg/my_robot_pkg.egg-info to /home/shcho/ros2_ws3/install/my_robot_pkg/lib/python3.10/site-packages/my_robot_pkg-0.0.0-py3.10.egg-info
[0.621s] running install_scripts
[0.635s] writing list of installed files to '/home/shcho/ros2_ws3/build/my_robot_pkg/install.log'
[0.655s] Invoked command in '/home/shcho/ros2_ws3/src/my_robot_pkg' returned '0': PYTHONPATH=/home/shcho/ros2_ws3/build/my_robot_pkg/prefix_override:/usr/lib/python3/dist-packages/colcon_core/task/python/colcon_distutils_commands:/home/shcho/ros2_ws3/install/my_robot_pkg/lib/python3.10/site-packages:${PYTHONPATH} /usr/bin/python3 -W ignore:setup.py install is deprecated -W ignore:easy_install command is deprecated setup.py egg_info --egg-base ../../build/my_robot_pkg build --build-base /home/shcho/ros2_ws3/build/my_robot_pkg/build install --record /home/shcho/ros2_ws3/build/my_robot_pkg/install.log --single-version-externally-managed install_data
