[0.607s] Invoking command in '/home/shcho/ros2_ws3/src/my_robot_pkg': PYTHONPATH=/home/shcho/ros2_ws3/build/my_robot_pkg/prefix_override:/usr/lib/python3/dist-packages/colcon_core/task/python/colcon_distutils_commands:/home/shcho/ros2_ws3/install/my_robot_pkg/lib/python3.10/site-packages:${PYTHONPATH} /usr/bin/python3 -W ignore:setup.py install is deprecated -W ignore:easy_install command is deprecated setup.py egg_info --egg-base ../../build/my_robot_pkg build --build-base /home/shcho/ros2_ws3/build/my_robot_pkg/build install --record /home/shcho/ros2_ws3/build/my_robot_pkg/install.log --single-version-externally-managed install_data
[0.837s] running egg_info
[0.839s] writing ../../build/my_robot_pkg/my_robot_pkg.egg-info/PKG-INFO
[0.840s] writing dependency_links to ../../build/my_robot_pkg/my_robot_pkg.egg-info/dependency_links.txt
[0.840s] writing entry points to ../../build/my_robot_pkg/my_robot_pkg.egg-info/entry_points.txt
[0.840s] writing requirements to ../../build/my_robot_pkg/my_robot_pkg.egg-info/requires.txt
[0.840s] writing top-level names to ../../build/my_robot_pkg/my_robot_pkg.egg-info/top_level.txt
[0.844s] reading manifest file '../../build/my_robot_pkg/my_robot_pkg.egg-info/SOURCES.txt'
[0.844s] writing manifest file '../../build/my_robot_pkg/my_robot_pkg.egg-info/SOURCES.txt'
[0.844s] running build
[0.844s] running build_py
[0.844s] running install
[0.847s] running install_lib
[0.848s] running install_data
[0.848s] running install_egg_info
[0.851s] removing '/home/shcho/ros2_ws3/install/my_robot_pkg/lib/python3.10/site-packages/my_robot_pkg-0.0.0-py3.10.egg-info' (and everything under it)
[0.865s] Copying ../../build/my_robot_pkg/my_robot_pkg.egg-info to /home/shcho/ros2_ws3/install/my_robot_pkg/lib/python3.10/site-packages/my_robot_pkg-0.0.0-py3.10.egg-info
[0.865s] running install_scripts
[0.888s] writing list of installed files to '/home/shcho/ros2_ws3/build/my_robot_pkg/install.log'
[0.925s] Invoked command in '/home/shcho/ros2_ws3/src/my_robot_pkg' returned '0': PYTHONPATH=/home/shcho/ros2_ws3/build/my_robot_pkg/prefix_override:/usr/lib/python3/dist-packages/colcon_core/task/python/colcon_distutils_commands:/home/shcho/ros2_ws3/install/my_robot_pkg/lib/python3.10/site-packages:${PYTHONPATH} /usr/bin/python3 -W ignore:setup.py install is deprecated -W ignore:easy_install command is deprecated setup.py egg_info --egg-base ../../build/my_robot_pkg build --build-base /home/shcho/ros2_ws3/build/my_robot_pkg/build install --record /home/shcho/ros2_ws3/build/my_robot_pkg/install.log --single-version-externally-managed install_data
