[0.647s] Invoking command in '/home/shcho/ros2_ws3/src/my_robot_pkg': PYTHONPATH=/home/shcho/ros2_ws3/build/my_robot_pkg/prefix_override:/usr/lib/python3/dist-packages/colcon_core/task/python/colcon_distutils_commands:/home/shcho/ros2_ws3/install/my_robot_pkg/lib/python3.10/site-packages:${PYTHONPATH} /usr/bin/python3 -W ignore:setup.py install is deprecated -W ignore:easy_install command is deprecated setup.py egg_info --egg-base ../../build/my_robot_pkg build --build-base /home/shcho/ros2_ws3/build/my_robot_pkg/build install --record /home/shcho/ros2_ws3/build/my_robot_pkg/install.log --single-version-externally-managed install_data
[0.845s] running egg_info
[0.847s] writing ../../build/my_robot_pkg/my_robot_pkg.egg-info/PKG-INFO
[0.847s] writing dependency_links to ../../build/my_robot_pkg/my_robot_pkg.egg-info/dependency_links.txt
[0.847s] writing entry points to ../../build/my_robot_pkg/my_robot_pkg.egg-info/entry_points.txt
[0.847s] writing requirements to ../../build/my_robot_pkg/my_robot_pkg.egg-info/requires.txt
[0.847s] writing top-level names to ../../build/my_robot_pkg/my_robot_pkg.egg-info/top_level.txt
[0.847s] reading manifest file '../../build/my_robot_pkg/my_robot_pkg.egg-info/SOURCES.txt'
[0.851s] writing manifest file '../../build/my_robot_pkg/my_robot_pkg.egg-info/SOURCES.txt'
[0.851s] running build
[0.851s] running build_py
[0.854s] running install
[0.854s] running install_lib
[0.855s] running install_data
[0.855s] copying params/nav2_params.yaml -> /home/shcho/ros2_ws3/install/my_robot_pkg/share/my_robot_pkg/params
[0.855s] running install_egg_info
[0.862s] removing '/home/shcho/ros2_ws3/install/my_robot_pkg/lib/python3.10/site-packages/my_robot_pkg-0.0.0-py3.10.egg-info' (and everything under it)
[0.864s] Copying ../../build/my_robot_pkg/my_robot_pkg.egg-info to /home/shcho/ros2_ws3/install/my_robot_pkg/lib/python3.10/site-packages/my_robot_pkg-0.0.0-py3.10.egg-info
[0.865s] running install_scripts
[0.903s] writing list of installed files to '/home/shcho/ros2_ws3/build/my_robot_pkg/install.log'
[0.934s] Invoked command in '/home/shcho/ros2_ws3/src/my_robot_pkg' returned '0': PYTHONPATH=/home/shcho/ros2_ws3/build/my_robot_pkg/prefix_override:/usr/lib/python3/dist-packages/colcon_core/task/python/colcon_distutils_commands:/home/shcho/ros2_ws3/install/my_robot_pkg/lib/python3.10/site-packages:${PYTHONPATH} /usr/bin/python3 -W ignore:setup.py install is deprecated -W ignore:easy_install command is deprecated setup.py egg_info --egg-base ../../build/my_robot_pkg build --build-base /home/shcho/ros2_ws3/build/my_robot_pkg/build install --record /home/shcho/ros2_ws3/build/my_robot_pkg/install.log --single-version-externally-managed install_data
