running develop
Removing /home/shcho/ros2_ws3/install/my_robot_pkg/lib/python3.10/site-packages/my-robot-pkg.egg-link (link to .)
running egg_info
writing ../../build/my_robot_pkg/my_robot_pkg.egg-info/PKG-INFO
writing dependency_links to ../../build/my_robot_pkg/my_robot_pkg.egg-info/dependency_links.txt
writing entry points to ../../build/my_robot_pkg/my_robot_pkg.egg-info/entry_points.txt
writing requirements to ../../build/my_robot_pkg/my_robot_pkg.egg-info/requires.txt
writing top-level names to ../../build/my_robot_pkg/my_robot_pkg.egg-info/top_level.txt
reading manifest file '../../build/my_robot_pkg/my_robot_pkg.egg-info/SOURCES.txt'
writing manifest file '../../build/my_robot_pkg/my_robot_pkg.egg-info/SOURCES.txt'
running build
running build_py
running install
running install_lib
creating /home/shcho/ros2_ws3/install/my_robot_pkg/lib/python3.10/site-packages/my_robot_pkg
copying /home/shcho/ros2_ws3/build/my_robot_pkg/build/lib/my_robot_pkg/__init__.py -> /home/shcho/ros2_ws3/install/my_robot_pkg/lib/python3.10/site-packages/my_robot_pkg
byte-compiling /home/shcho/ros2_ws3/install/my_robot_pkg/lib/python3.10/site-packages/my_robot_pkg/__init__.py to __init__.cpython-310.pyc
running install_data
copying resource/my_robot_pkg -> /home/shcho/ros2_ws3/install/my_robot_pkg/share/ament_index/resource_index/packages
copying package.xml -> /home/shcho/ros2_ws3/install/my_robot_pkg/share/my_robot_pkg
copying launch/real.launch.py -> /home/shcho/ros2_ws3/install/my_robot_pkg/share/my_robot_pkg/launch
copying params/nav2_params.yaml -> /home/shcho/ros2_ws3/install/my_robot_pkg/share/my_robot_pkg/params
copying map/map.pgm -> /home/shcho/ros2_ws3/install/my_robot_pkg/share/my_robot_pkg/map
copying map/sim_map.pgm -> /home/shcho/ros2_ws3/install/my_robot_pkg/share/my_robot_pkg/map
copying map/map.yaml -> /home/shcho/ros2_ws3/install/my_robot_pkg/share/my_robot_pkg/map
copying map/sim_map.yaml -> /home/shcho/ros2_ws3/install/my_robot_pkg/share/my_robot_pkg/map
running install_egg_info
Copying ../../build/my_robot_pkg/my_robot_pkg.egg-info to /home/shcho/ros2_ws3/install/my_robot_pkg/lib/python3.10/site-packages/my_robot_pkg-0.0.0-py3.10.egg-info
running install_scripts
writing list of installed files to '/home/shcho/ros2_ws3/build/my_robot_pkg/install.log'
