[0.769s] Invoking command in '/home/shcho/ros2_ws3/src/my_robot_pkg': PYTHONPATH=/home/shcho/ros2_ws3/build/my_robot_pkg/prefix_override:/usr/lib/python3/dist-packages/colcon_core/task/python/colcon_distutils_commands:/home/shcho/ros2_ws3/install/my_robot_pkg/lib/python3.10/site-packages:${PYTHONPATH} /usr/bin/python3 -W ignore:setup.py install is deprecated -W ignore:easy_install command is deprecated setup.py egg_info --egg-base ../../build/my_robot_pkg build --build-base /home/shcho/ros2_ws3/build/my_robot_pkg/build install --record /home/shcho/ros2_ws3/build/my_robot_pkg/install.log --single-version-externally-managed install_data
[1.180s] running egg_info
[1.180s] writing ../../build/my_robot_pkg/my_robot_pkg.egg-info/PKG-INFO
[1.181s] writing dependency_links to ../../build/my_robot_pkg/my_robot_pkg.egg-info/dependency_links.txt
[1.189s] writing entry points to ../../build/my_robot_pkg/my_robot_pkg.egg-info/entry_points.txt
[1.190s] writing requirements to ../../build/my_robot_pkg/my_robot_pkg.egg-info/requires.txt
[1.191s] writing top-level names to ../../build/my_robot_pkg/my_robot_pkg.egg-info/top_level.txt
[1.195s] reading manifest file '../../build/my_robot_pkg/my_robot_pkg.egg-info/SOURCES.txt'
[1.196s] writing manifest file '../../build/my_robot_pkg/my_robot_pkg.egg-info/SOURCES.txt'
[1.198s] running build
[1.198s] running build_py
[1.198s] running install
[1.198s] running install_lib
[1.199s] running install_data
[1.200s] copying params/nav2_params.yaml -> /home/shcho/ros2_ws3/install/my_robot_pkg/share/my_robot_pkg/params
[1.201s] running install_egg_info
[1.203s] removing '/home/shcho/ros2_ws3/install/my_robot_pkg/lib/python3.10/site-packages/my_robot_pkg-0.0.0-py3.10.egg-info' (and everything under it)
[1.207s] Copying ../../build/my_robot_pkg/my_robot_pkg.egg-info to /home/shcho/ros2_ws3/install/my_robot_pkg/lib/python3.10/site-packages/my_robot_pkg-0.0.0-py3.10.egg-info
[1.211s] running install_scripts
[1.240s] writing list of installed files to '/home/shcho/ros2_ws3/build/my_robot_pkg/install.log'
[1.280s] Invoked command in '/home/shcho/ros2_ws3/src/my_robot_pkg' returned '0': PYTHONPATH=/home/shcho/ros2_ws3/build/my_robot_pkg/prefix_override:/usr/lib/python3/dist-packages/colcon_core/task/python/colcon_distutils_commands:/home/shcho/ros2_ws3/install/my_robot_pkg/lib/python3.10/site-packages:${PYTHONPATH} /usr/bin/python3 -W ignore:setup.py install is deprecated -W ignore:easy_install command is deprecated setup.py egg_info --egg-base ../../build/my_robot_pkg build --build-base /home/shcho/ros2_ws3/build/my_robot_pkg/build install --record /home/shcho/ros2_ws3/build/my_robot_pkg/install.log --single-version-externally-managed install_data
